  AppWindow.cpp
C:\_repo\DirectX11GameEngine\DirectX11GameEngine\DirectX11GameEngine\Matrix4x4.h(82,44): warning C4244: '=': conversion from 'double' to 'float', possible loss of data
C:\_repo\DirectX11GameEngine\DirectX11GameEngine\DirectX11GameEngine\Matrix4x4.h(83,44): warning C4244: '=': conversion from 'double' to 'float', possible loss of data
C:\_repo\DirectX11GameEngine\DirectX11GameEngine\DirectX11GameEngine\Matrix4x4.h(84,44): warning C4244: '=': conversion from 'double' to 'float', possible loss of data
C:\_repo\DirectX11GameEngine\DirectX11GameEngine\DirectX11GameEngine\Matrix4x4.h(85,44): warning C4244: '=': conversion from 'double' to 'float', possible loss of data
C:\_repo\DirectX11GameEngine\DirectX11GameEngine\DirectX11GameEngine\AppWindow.cpp(57,30): warning C4244: '=': conversion from 'DWORD' to 'float', possible loss of data
C:\_repo\DirectX11GameEngine\DirectX11GameEngine\DirectX11GameEngine\AppWindow.cpp(272,139): warning C4267: 'argument': conversion from 'size_t' to 'UINT', possible loss of data
C:\_repo\DirectX11GameEngine\DirectX11GameEngine\DirectX11GameEngine\AppWindow.cpp(356,68): warning C4244: 'argument': conversion from 'float' to 'int', possible loss of data
C:\_repo\DirectX11GameEngine\DirectX11GameEngine\DirectX11GameEngine\AppWindow.cpp(356,53): warning C4244: 'argument': conversion from 'float' to 'int', possible loss of data
  DeviceContext.cpp
  RenderSystem.cpp
  SwapChain.cpp
  Window.cpp
C:\_repo\DirectX11GameEngine\DirectX11GameEngine\DirectX11GameEngine\Window.cpp(169,1): warning C4297: 'Window::~Window': function assumed not to throw an exception but does
C:\_repo\DirectX11GameEngine\DirectX11GameEngine\DirectX11GameEngine\Window.cpp(169,1): message : destructor or deallocator has a (possibly implicit) non-throwing exception specification
  main.cpp
C:\_repo\DirectX11GameEngine\DirectX11GameEngine\DirectX11GameEngine\Matrix4x4.h(82,44): warning C4244: '=': conversion from 'double' to 'float', possible loss of data
C:\_repo\DirectX11GameEngine\DirectX11GameEngine\DirectX11GameEngine\Matrix4x4.h(83,44): warning C4244: '=': conversion from 'double' to 'float', possible loss of data
C:\_repo\DirectX11GameEngine\DirectX11GameEngine\DirectX11GameEngine\Matrix4x4.h(84,44): warning C4244: '=': conversion from 'double' to 'float', possible loss of data
C:\_repo\DirectX11GameEngine\DirectX11GameEngine\DirectX11GameEngine\Matrix4x4.h(85,44): warning C4244: '=': conversion from 'double' to 'float', possible loss of data
  Generating Code...
  DirectX11GameEngine.vcxproj -> C:\_repo\DirectX11GameEngine\DirectX11GameEngine\x64\Debug\DirectX11GameEngine.exe
