  AppWindow.cpp
C:\_repo\DirectX11GameEngine\DirectX11GameEngine\DirectXGame\Matrix4x4.h(35,21): warning C4244: '=': conversion from 'double' to 'float', possible loss of data
C:\_repo\DirectX11GameEngine\DirectX11GameEngine\DirectXGame\Matrix4x4.h(36,21): warning C4244: '=': conversion from 'double' to 'float', possible loss of data
C:\_repo\DirectX11GameEngine\DirectX11GameEngine\DirectXGame\Matrix4x4.h(37,17): warning C4244: '=': conversion from 'double' to 'float', possible loss of data
C:\_repo\DirectX11GameEngine\DirectX11GameEngine\DirectXGame\Matrix4x4.h(38,21): warning C4244: '=': conversion from 'double' to 'float', possible loss of data
C:\_repo\DirectX11GameEngine\DirectX11GameEngine\DirectXGame\Matrix4x4.h(43,21): warning C4244: '=': conversion from 'double' to 'float', possible loss of data
C:\_repo\DirectX11GameEngine\DirectX11GameEngine\DirectXGame\Matrix4x4.h(44,17): warning C4244: '=': conversion from 'double' to 'float', possible loss of data
C:\_repo\DirectX11GameEngine\DirectX11GameEngine\DirectXGame\Matrix4x4.h(45,21): warning C4244: '=': conversion from 'double' to 'float', possible loss of data
C:\_repo\DirectX11GameEngine\DirectX11GameEngine\DirectXGame\Matrix4x4.h(46,21): warning C4244: '=': conversion from 'double' to 'float', possible loss of data
C:\_repo\DirectX11GameEngine\DirectX11GameEngine\DirectXGame\Matrix4x4.h(51,21): warning C4244: '=': conversion from 'double' to 'float', possible loss of data
C:\_repo\DirectX11GameEngine\DirectX11GameEngine\DirectXGame\Matrix4x4.h(52,21): warning C4244: '=': conversion from 'double' to 'float', possible loss of data
C:\_repo\DirectX11GameEngine\DirectX11GameEngine\DirectXGame\Matrix4x4.h(53,17): warning C4244: '=': conversion from 'double' to 'float', possible loss of data
C:\_repo\DirectX11GameEngine\DirectX11GameEngine\DirectXGame\Matrix4x4.h(54,21): warning C4244: '=': conversion from 'double' to 'float', possible loss of data
C:\_repo\DirectX11GameEngine\DirectX11GameEngine\DirectXGame\Matrix4x4.h(82,44): warning C4244: '=': conversion from 'double' to 'float', possible loss of data
C:\_repo\DirectX11GameEngine\DirectX11GameEngine\DirectXGame\Matrix4x4.h(83,44): warning C4244: '=': conversion from 'double' to 'float', possible loss of data
C:\_repo\DirectX11GameEngine\DirectX11GameEngine\DirectXGame\Matrix4x4.h(84,44): warning C4244: '=': conversion from 'double' to 'float', possible loss of data
C:\_repo\DirectX11GameEngine\DirectX11GameEngine\DirectXGame\Matrix4x4.h(85,44): warning C4244: '=': conversion from 'double' to 'float', possible loss of data
C:\_repo\DirectX11GameEngine\DirectX11GameEngine\DirectXGame\Matrix4x4.h(142,16): warning C4244: 'initializing': conversion from 'double' to 'float', possible loss of data
C:\_repo\DirectX11GameEngine\DirectX11GameEngine\DirectXGame\AppWindow.cpp(216,30): warning C4244: '=': conversion from 'DWORD' to 'float', possible loss of data
C:\_repo\DirectX11GameEngine\DirectX11GameEngine\DirectXGame\AppWindow.cpp(273,67): warning C4244: 'argument': conversion from 'float' to 'int', possible loss of data
C:\_repo\DirectX11GameEngine\DirectX11GameEngine\DirectXGame\AppWindow.cpp(273,52): warning C4244: 'argument': conversion from 'float' to 'int', possible loss of data
  ConstantBuffer.cpp
  DeviceContext.cpp
  GraphicsEngine.cpp
  IndexBuffer.cpp
  InputSystem.cpp
  main.cpp
C:\_repo\DirectX11GameEngine\DirectX11GameEngine\DirectXGame\Matrix4x4.h(35,21): warning C4244: '=': conversion from 'double' to 'float', possible loss of data
C:\_repo\DirectX11GameEngine\DirectX11GameEngine\DirectXGame\Matrix4x4.h(36,21): warning C4244: '=': conversion from 'double' to 'float', possible loss of data
C:\_repo\DirectX11GameEngine\DirectX11GameEngine\DirectXGame\Matrix4x4.h(37,17): warning C4244: '=': conversion from 'double' to 'float', possible loss of data
C:\_repo\DirectX11GameEngine\DirectX11GameEngine\DirectXGame\Matrix4x4.h(38,21): warning C4244: '=': conversion from 'double' to 'float', possible loss of data
C:\_repo\DirectX11GameEngine\DirectX11GameEngine\DirectXGame\Matrix4x4.h(43,21): warning C4244: '=': conversion from 'double' to 'float', possible loss of data
C:\_repo\DirectX11GameEngine\DirectX11GameEngine\DirectXGame\Matrix4x4.h(44,17): warning C4244: '=': conversion from 'double' to 'float', possible loss of data
C:\_repo\DirectX11GameEngine\DirectX11GameEngine\DirectXGame\Matrix4x4.h(45,21): warning C4244: '=': conversion from 'double' to 'float', possible loss of data
C:\_repo\DirectX11GameEngine\DirectX11GameEngine\DirectXGame\Matrix4x4.h(46,21): warning C4244: '=': conversion from 'double' to 'float', possible loss of data
C:\_repo\DirectX11GameEngine\DirectX11GameEngine\DirectXGame\Matrix4x4.h(51,21): warning C4244: '=': conversion from 'double' to 'float', possible loss of data
C:\_repo\DirectX11GameEngine\DirectX11GameEngine\DirectXGame\Matrix4x4.h(52,21): warning C4244: '=': conversion from 'double' to 'float', possible loss of data
C:\_repo\DirectX11GameEngine\DirectX11GameEngine\DirectXGame\Matrix4x4.h(53,17): warning C4244: '=': conversion from 'double' to 'float', possible loss of data
C:\_repo\DirectX11GameEngine\DirectX11GameEngine\DirectXGame\Matrix4x4.h(54,21): warning C4244: '=': conversion from 'double' to 'float', possible loss of data
C:\_repo\DirectX11GameEngine\DirectX11GameEngine\DirectXGame\Matrix4x4.h(82,44): warning C4244: '=': conversion from 'double' to 'float', possible loss of data
C:\_repo\DirectX11GameEngine\DirectX11GameEngine\DirectXGame\Matrix4x4.h(83,44): warning C4244: '=': conversion from 'double' to 'float', possible loss of data
C:\_repo\DirectX11GameEngine\DirectX11GameEngine\DirectXGame\Matrix4x4.h(84,44): warning C4244: '=': conversion from 'double' to 'float', possible loss of data
C:\_repo\DirectX11GameEngine\DirectX11GameEngine\DirectXGame\Matrix4x4.h(85,44): warning C4244: '=': conversion from 'double' to 'float', possible loss of data
C:\_repo\DirectX11GameEngine\DirectX11GameEngine\DirectXGame\Matrix4x4.h(142,16): warning C4244: 'initializing': conversion from 'double' to 'float', possible loss of data
  PixelShader.cpp
  RenderSystem.cpp
  Resource.cpp
  ResourceManager.cpp
  SwapChain.cpp
  VertexBuffer.cpp
  VertexShader.cpp
  Window.cpp
C:\_repo\DirectX11GameEngine\DirectX11GameEngine\DirectXGame\Window.cpp(150,1): warning C4297: 'Window::~Window': function assumed not to throw an exception but does
C:\_repo\DirectX11GameEngine\DirectX11GameEngine\DirectXGame\Window.cpp(150,1): message : destructor or deallocator has a (possibly implicit) non-throwing exception specification
  Generating Code...
  DirectXGame.vcxproj -> C:\_repo\DirectX11GameEngine\DirectX11GameEngine\Debug\DirectXGame.exe
